{"contracts\\NFTModifier.sol":{"l":{"28":3,"32":99,"33":99,"34":99,"35":99,"36":99,"38":99,"39":99,"40":99,"44":1,"51":17,"52":17,"56":1,"60":9,"65":9,"69":14,"70":14,"71":14,"72":14,"74":14,"89":25,"96":8,"105":1,"114":1},"path":"C:\\Users\\Hans\\Documents\\Repositorios\\Hans\\reverse-auction-dApp\\contracts\\NFTModifier.sol","s":{"1":3,"2":99,"3":99,"4":99,"5":99,"6":99,"7":99,"8":99,"9":99,"10":1,"11":17,"12":1,"13":9,"14":9,"15":14,"16":14,"17":14,"18":14,"19":25,"20":8,"21":1,"22":1},"b":{"1":[99,1],"2":[17,1],"3":[1,1],"4":[1,1]},"f":{"1":3,"2":99,"3":1,"4":17,"5":1,"6":9,"7":9,"8":14,"9":1,"10":25,"11":8,"12":1,"13":1},"fnMap":{"1":{"name":"constructor","line":27,"loc":{"start":{"line":27,"column":4},"end":{"line":29,"column":4}}},"2":{"name":"initialize","line":31,"loc":{"start":{"line":31,"column":4},"end":{"line":41,"column":4}}},"3":{"name":"_baseURI","line":43,"loc":{"start":{"line":43,"column":4},"end":{"line":45,"column":4}}},"4":{"name":"safeMint","line":49,"loc":{"start":{"line":47,"column":4},"end":{"line":53,"column":4}}},"5":{"name":"setTokenURI","line":55,"loc":{"start":{"line":55,"column":4},"end":{"line":57,"column":4}}},"6":{"name":"tokenType","line":59,"loc":{"start":{"line":59,"column":4},"end":{"line":61,"column":4}}},"7":{"name":"tokenValue","line":63,"loc":{"start":{"line":63,"column":4},"end":{"line":66,"column":4}}},"8":{"name":"getMyModifiers","line":68,"loc":{"start":{"line":68,"column":4},"end":{"line":75,"column":4}}},"9":{"name":"_authorizeUpgrade","line":79,"loc":{"start":{"line":77,"column":4},"end":{"line":81,"column":5}}},"10":{"name":"_beforeTokenTransfer","line":85,"loc":{"start":{"line":85,"column":4},"end":{"line":90,"column":4}}},"11":{"name":"_burn","line":92,"loc":{"start":{"line":92,"column":4},"end":{"line":97,"column":4}}},"12":{"name":"tokenURI","line":99,"loc":{"start":{"line":99,"column":4},"end":{"line":106,"column":4}}},"13":{"name":"supportsInterface","line":108,"loc":{"start":{"line":108,"column":4},"end":{"line":115,"column":4}}}},"statementMap":{"1":{"start":{"line":28,"column":8},"end":{"line":28,"column":29}},"2":{"start":{"line":32,"column":8},"end":{"line":32,"column":55}},"3":{"start":{"line":33,"column":8},"end":{"line":33,"column":32}},"4":{"start":{"line":34,"column":8},"end":{"line":34,"column":32}},"5":{"start":{"line":35,"column":8},"end":{"line":35,"column":29}},"6":{"start":{"line":36,"column":8},"end":{"line":36,"column":31}},"7":{"start":{"line":38,"column":8},"end":{"line":38,"column":49}},"8":{"start":{"line":39,"column":8},"end":{"line":39,"column":42}},"9":{"start":{"line":40,"column":8},"end":{"line":40,"column":44}},"10":{"start":{"line":44,"column":8},"end":{"line":44,"column":24}},"11":{"start":{"line":51,"column":8},"end":{"line":51,"column":29}},"12":{"start":{"line":56,"column":8},"end":{"line":56,"column":33}},"13":{"start":{"line":60,"column":8},"end":{"line":60,"column":46}},"14":{"start":{"line":65,"column":8},"end":{"line":65,"column":44}},"15":{"start":{"line":69,"column":8},"end":{"line":69,"column":55}},"16":{"start":{"line":70,"column":8},"end":{"line":70,"column":67}},"17":{"start":{"line":71,"column":8},"end":{"line":71,"column":2858}},"18":{"start":{"line":74,"column":8},"end":{"line":74,"column":24}},"19":{"start":{"line":89,"column":8},"end":{"line":89,"column":63}},"20":{"start":{"line":96,"column":8},"end":{"line":96,"column":27}},"21":{"start":{"line":105,"column":8},"end":{"line":105,"column":38}},"22":{"start":{"line":114,"column":8},"end":{"line":114,"column":51}}},"branchMap":{"1":{"line":31,"type":"if","locations":[{"start":{"line":31,"column":26},"end":{"line":31,"column":26}},{"start":{"line":31,"column":26},"end":{"line":31,"column":26}}]},"2":{"line":49,"type":"if","locations":[{"start":{"line":49,"column":8},"end":{"line":49,"column":8}},{"start":{"line":49,"column":8},"end":{"line":49,"column":8}}]},"3":{"line":55,"type":"if","locations":[{"start":{"line":55,"column":68},"end":{"line":55,"column":68}},{"start":{"line":55,"column":68},"end":{"line":55,"column":68}}]},"4":{"line":79,"type":"if","locations":[{"start":{"line":79,"column":8},"end":{"line":79,"column":8}},{"start":{"line":79,"column":8},"end":{"line":79,"column":8}}]}}},"contracts\\NFTTicket.sol":{"l":{"18":3,"22":99,"23":99,"24":99,"25":99,"26":99,"28":99,"29":99,"33":1,"40":67,"44":1,"59":0,"68":1,"77":1},"path":"C:\\Users\\Hans\\Documents\\Repositorios\\Hans\\reverse-auction-dApp\\contracts\\NFTTicket.sol","s":{"1":3,"2":99,"3":99,"4":99,"5":99,"6":99,"7":99,"8":99,"9":1,"10":67,"11":1,"12":0,"13":1,"14":1},"b":{"1":[99,1],"2":[67,1],"3":[1,1],"4":[1,1]},"f":{"1":3,"2":99,"3":1,"4":67,"5":1,"6":1,"7":0,"8":1,"9":1},"fnMap":{"1":{"name":"constructor","line":17,"loc":{"start":{"line":17,"column":4},"end":{"line":19,"column":4}}},"2":{"name":"initialize","line":21,"loc":{"start":{"line":21,"column":4},"end":{"line":30,"column":4}}},"3":{"name":"_baseURI","line":32,"loc":{"start":{"line":32,"column":4},"end":{"line":34,"column":4}}},"4":{"name":"safeMint","line":38,"loc":{"start":{"line":36,"column":4},"end":{"line":41,"column":4}}},"5":{"name":"setTokenURI","line":43,"loc":{"start":{"line":43,"column":4},"end":{"line":45,"column":4}}},"6":{"name":"_authorizeUpgrade","line":49,"loc":{"start":{"line":47,"column":4},"end":{"line":51,"column":5}}},"7":{"name":"_burn","line":55,"loc":{"start":{"line":55,"column":4},"end":{"line":60,"column":4}}},"8":{"name":"tokenURI","line":62,"loc":{"start":{"line":62,"column":4},"end":{"line":69,"column":4}}},"9":{"name":"supportsInterface","line":71,"loc":{"start":{"line":71,"column":4},"end":{"line":78,"column":4}}}},"statementMap":{"1":{"start":{"line":18,"column":8},"end":{"line":18,"column":29}},"2":{"start":{"line":22,"column":8},"end":{"line":22,"column":53}},"3":{"start":{"line":23,"column":8},"end":{"line":23,"column":32}},"4":{"start":{"line":24,"column":8},"end":{"line":24,"column":30}},"5":{"start":{"line":25,"column":8},"end":{"line":25,"column":29}},"6":{"start":{"line":26,"column":8},"end":{"line":26,"column":31}},"7":{"start":{"line":28,"column":8},"end":{"line":28,"column":49}},"8":{"start":{"line":29,"column":8},"end":{"line":29,"column":44}},"9":{"start":{"line":33,"column":8},"end":{"line":33,"column":24}},"10":{"start":{"line":40,"column":8},"end":{"line":40,"column":29}},"11":{"start":{"line":44,"column":8},"end":{"line":44,"column":33}},"12":{"start":{"line":59,"column":8},"end":{"line":59,"column":27}},"13":{"start":{"line":68,"column":8},"end":{"line":68,"column":38}},"14":{"start":{"line":77,"column":8},"end":{"line":77,"column":51}}},"branchMap":{"1":{"line":21,"type":"if","locations":[{"start":{"line":21,"column":26},"end":{"line":21,"column":26}},{"start":{"line":21,"column":26},"end":{"line":21,"column":26}}]},"2":{"line":38,"type":"if","locations":[{"start":{"line":38,"column":8},"end":{"line":38,"column":8}},{"start":{"line":38,"column":8},"end":{"line":38,"column":8}}]},"3":{"line":43,"type":"if","locations":[{"start":{"line":43,"column":68},"end":{"line":43,"column":68}},{"start":{"line":43,"column":68},"end":{"line":43,"column":68}}]},"4":{"line":49,"type":"if","locations":[{"start":{"line":49,"column":8},"end":{"line":49,"column":8}},{"start":{"line":49,"column":8},"end":{"line":49,"column":8}}]}}},"contracts\\ReverseAuction.sol":{"l":{"118":119,"119":119,"120":113,"125":3,"129":99,"130":99,"132":99,"133":99,"135":99,"136":99,"140":60,"145":2,"146":1,"150":33,"154":33,"158":33,"172":52,"173":51,"174":50,"176":49,"177":49,"178":49,"179":49,"180":49,"181":49,"182":49,"183":49,"184":49,"185":49,"186":49,"187":49,"188":10,"191":39,"193":49,"194":49,"195":49,"196":49,"197":49,"199":49,"200":49,"202":49,"208":63,"209":63,"210":62,"211":61,"212":60,"214":59,"215":59,"216":59,"219":59,"221":59,"223":59,"224":59,"225":59,"227":59,"228":59,"230":59,"236":12,"237":12,"238":11,"239":10,"240":9,"242":8,"243":8,"244":8,"247":8,"249":8,"251":8,"252":8,"253":8,"255":8,"256":8,"258":8,"263":17,"264":17,"265":16,"266":15,"267":15,"269":15,"271":14,"273":14,"274":8,"277":14,"278":14,"279":14,"281":14,"282":12,"283":12,"284":12,"285":12,"288":14,"292":4,"293":3,"294":3,"295":3,"296":2,"297":2,"298":2,"299":2,"302":0,"304":2,"306":3,"307":2,"308":2,"309":2,"312":3,"313":2,"314":2,"315":2,"320":2,"321":2,"325":2,"326":2,"330":2,"331":2,"332":2,"333":42,"334":2,"337":2,"341":3,"342":3,"343":2,"345":1,"346":1,"347":1,"349":1,"353":1,"357":5,"358":5,"359":5,"360":5,"361":5,"362":5,"363":5,"364":5,"365":5,"366":5,"367":5,"368":5,"369":5,"370":5,"371":5,"372":5,"373":5,"374":5,"376":5,"380":4,"381":3,"382":2,"383":2,"384":1,"386":2,"387":2,"388":4,"390":2,"394":1,"395":1,"396":1,"397":1,"398":1,"400":1,"401":1,"402":1,"404":1,"412":19,"413":18,"414":17,"415":17,"416":17,"420":13,"421":12,"422":12,"423":11,"424":10,"425":9,"426":8,"427":8,"428":8,"432":8,"433":8,"434":8,"435":8,"436":8,"438":8,"442":8,"443":2,"444":2,"447":2,"448":2,"449":2,"450":1,"452":2,"455":2,"456":2,"457":1,"460":1,"462":2,"465":1,"468":1},"path":"C:\\Users\\Hans\\Documents\\Repositorios\\Hans\\reverse-auction-dApp\\contracts\\ReverseAuction.sol","s":{"1":119,"2":119,"3":3,"4":99,"5":99,"6":99,"7":99,"8":60,"9":2,"10":52,"11":51,"12":50,"13":49,"14":49,"15":49,"16":49,"17":49,"18":63,"19":63,"20":62,"21":61,"22":60,"23":59,"24":59,"25":59,"26":59,"27":59,"28":12,"29":12,"30":11,"31":10,"32":9,"33":8,"34":8,"35":8,"36":8,"37":8,"38":17,"39":17,"40":16,"41":15,"42":15,"43":15,"44":14,"45":14,"46":12,"47":14,"48":4,"49":3,"50":3,"51":3,"52":2,"53":3,"54":2,"55":2,"56":3,"57":2,"58":2,"59":2,"60":2,"61":2,"62":2,"63":2,"64":2,"65":42,"66":2,"67":3,"68":3,"69":2,"70":1,"71":1,"72":1,"73":5,"74":5,"75":5,"76":4,"77":3,"78":2,"79":2,"80":2,"81":2,"82":2,"83":1,"84":1,"85":1,"86":1,"87":1,"88":1,"89":1,"90":19,"91":18,"92":17,"93":17,"94":13,"95":12,"96":12,"97":11,"98":10,"99":9,"100":8,"101":8,"102":8,"103":8,"104":8,"105":8,"106":8,"107":8,"108":8,"109":2,"110":6,"111":2,"112":2,"113":2,"114":4,"115":2,"116":2,"117":2,"118":2,"119":1,"120":1},"b":{"1":[113,6],"2":[99,1],"3":[2,1],"4":[1,1],"5":[33,1],"6":[33,1],"7":[33,1],"8":[51,1],"9":[50,1],"10":[49,1],"11":[5,5],"12":[5,2],"13":[2,37],"14":[10,39],"15":[5,5],"16":[63,1],"17":[62,1],"18":[8,54],"19":[61,1],"20":[60,1],"21":[59,1],"22":[13,1],"23":[12,1],"24":[11,1],"25":[9,2],"26":[10,1],"27":[9,1],"28":[8,1],"29":[17,1],"30":[16,1],"31":[15,1],"32":[14,1],"33":[8,6],"34":[1,7],"35":[12,2],"36":[4,1],"37":[3,1],"38":[2,1],"39":[2,0],"40":[2,1],"41":[2,1],"42":[2,40],"43":[3,1],"44":[2,1],"45":[1,1],"46":[1,1],"47":[3,1],"48":[2,1],"49":[1,1],"50":[1,1],"51":[1,0],"52":[1,0],"53":[1,0],"54":[1,0],"55":[19,1],"56":[18,1],"57":[17,1],"58":[13,1],"59":[12,1],"60":[11,1],"61":[10,1],"62":[9,1],"63":[8,1],"64":[2,6],"65":[2,4],"66":[1,1],"67":[2,2],"68":[1,1],"69":[1,1],"70":[1,1]},"f":{"1":119,"2":3,"3":99,"4":60,"5":2,"6":33,"7":33,"8":33,"9":52,"10":63,"11":12,"12":17,"13":4,"14":2,"15":2,"16":2,"17":3,"18":1,"19":5,"20":4,"21":1,"22":19,"23":13,"24":8,"25":8,"26":1},"fnMap":{"1":{"name":"auctionExists","line":117,"loc":{"start":{"line":117,"column":4},"end":{"line":121,"column":4}}},"2":{"name":"constructor","line":124,"loc":{"start":{"line":124,"column":4},"end":{"line":126,"column":4}}},"3":{"name":"initialize","line":128,"loc":{"start":{"line":128,"column":4},"end":{"line":137,"column":4}}},"4":{"name":"createCommitment","line":139,"loc":{"start":{"line":139,"column":4},"end":{"line":142,"column":4}}},"5":{"name":"setFeePercent","line":144,"loc":{"start":{"line":144,"column":4},"end":{"line":147,"column":4}}},"6":{"name":"setUSDCCoin","line":149,"loc":{"start":{"line":149,"column":4},"end":{"line":151,"column":4}}},"7":{"name":"setTicketNFT","line":153,"loc":{"start":{"line":153,"column":4},"end":{"line":155,"column":4}}},"8":{"name":"setModifierNFT","line":157,"loc":{"start":{"line":157,"column":4},"end":{"line":159,"column":4}}},"9":{"name":"createAuction","line":161,"loc":{"start":{"line":161,"column":4},"end":{"line":204,"column":4}}},"10":{"name":"participateSelectAuction","line":206,"loc":{"start":{"line":206,"column":4},"end":{"line":232,"column":4}}},"11":{"name":"participateRandomAuction","line":234,"loc":{"start":{"line":234,"column":4},"end":{"line":260,"column":4}}},"12":{"name":"revealAuction","line":262,"loc":{"start":{"line":262,"column":4},"end":{"line":289,"column":4}}},"13":{"name":"claimAuctionPrize","line":291,"loc":{"start":{"line":291,"column":4},"end":{"line":317,"column":4}}},"14":{"name":"getMyBidsInAuction","line":319,"loc":{"start":{"line":319,"column":4},"end":{"line":322,"column":4}}},"15":{"name":"getCommitInAuction","line":324,"loc":{"start":{"line":324,"column":4},"end":{"line":327,"column":4}}},"16":{"name":"checkWinner","line":329,"loc":{"start":{"line":329,"column":4},"end":{"line":338,"column":4}}},"17":{"name":"claimAuctionProfits","line":340,"loc":{"start":{"line":340,"column":4},"end":{"line":350,"column":4}}},"18":{"name":"claimFees","line":352,"loc":{"start":{"line":352,"column":4},"end":{"line":354,"column":4}}},"19":{"name":"getAuction","line":356,"loc":{"start":{"line":356,"column":4},"end":{"line":377,"column":4}}},"20":{"name":"getAuctionsPage","line":379,"loc":{"start":{"line":379,"column":4},"end":{"line":391,"column":4}}},"21":{"name":"getMyAuctionsPage","line":393,"loc":{"start":{"line":393,"column":4},"end":{"line":405,"column":4}}},"22":{"name":"buyModifier","line":411,"loc":{"start":{"line":411,"column":4},"end":{"line":417,"column":4}}},"23":{"name":"useModifier","line":419,"loc":{"start":{"line":419,"column":4},"end":{"line":429,"column":4}}},"24":{"name":"applyModifiers","line":431,"loc":{"start":{"line":431,"column":4},"end":{"line":439,"column":4}}},"25":{"name":"applyModifier","line":441,"loc":{"start":{"line":441,"column":4},"end":{"line":470,"column":4}}},"26":{"name":"_authorizeUpgrade","line":478,"loc":{"start":{"line":476,"column":4},"end":{"line":480,"column":5}}}},"statementMap":{"1":{"start":{"line":118,"column":8},"end":{"line":118,"column":54}},"2":{"start":{"line":119,"column":8},"end":{"line":119,"column":88}},"3":{"start":{"line":125,"column":8},"end":{"line":125,"column":29}},"4":{"start":{"line":129,"column":8},"end":{"line":129,"column":29}},"5":{"start":{"line":130,"column":8},"end":{"line":130,"column":31}},"6":{"start":{"line":132,"column":8},"end":{"line":132,"column":49}},"7":{"start":{"line":133,"column":8},"end":{"line":133,"column":44}},"8":{"start":{"line":140,"column":8},"end":{"line":140,"column":62}},"9":{"start":{"line":145,"column":8},"end":{"line":145,"column":78}},"10":{"start":{"line":172,"column":8},"end":{"line":172,"column":112}},"11":{"start":{"line":173,"column":8},"end":{"line":173,"column":101}},"12":{"start":{"line":174,"column":8},"end":{"line":174,"column":6281}},"13":{"start":{"line":176,"column":8},"end":{"line":176,"column":63}},"14":{"start":{"line":178,"column":8},"end":{"line":178,"column":57}},"15":{"start":{"line":187,"column":8},"end":{"line":187,"column":6942}},"16":{"start":{"line":200,"column":8},"end":{"line":200,"column":35}},"17":{"start":{"line":202,"column":8},"end":{"line":202,"column":53}},"18":{"start":{"line":208,"column":8},"end":{"line":208,"column":54}},"19":{"start":{"line":209,"column":8},"end":{"line":209,"column":192}},"20":{"start":{"line":210,"column":8},"end":{"line":210,"column":150}},"21":{"start":{"line":211,"column":8},"end":{"line":211,"column":124}},"22":{"start":{"line":212,"column":8},"end":{"line":212,"column":113}},"23":{"start":{"line":214,"column":8},"end":{"line":214,"column":75}},"24":{"start":{"line":221,"column":8},"end":{"line":221,"column":51}},"25":{"start":{"line":224,"column":8},"end":{"line":224,"column":62}},"26":{"start":{"line":228,"column":8},"end":{"line":228,"column":63}},"27":{"start":{"line":230,"column":8},"end":{"line":230,"column":57}},"28":{"start":{"line":236,"column":8},"end":{"line":236,"column":54}},"29":{"start":{"line":237,"column":8},"end":{"line":237,"column":196}},"30":{"start":{"line":238,"column":8},"end":{"line":238,"column":150}},"31":{"start":{"line":239,"column":8},"end":{"line":239,"column":126}},"32":{"start":{"line":240,"column":8},"end":{"line":240,"column":115}},"33":{"start":{"line":242,"column":8},"end":{"line":242,"column":77}},"34":{"start":{"line":249,"column":8},"end":{"line":249,"column":53}},"35":{"start":{"line":252,"column":8},"end":{"line":252,"column":64}},"36":{"start":{"line":256,"column":8},"end":{"line":256,"column":65}},"37":{"start":{"line":258,"column":8},"end":{"line":258,"column":59}},"38":{"start":{"line":263,"column":8},"end":{"line":263,"column":54}},"39":{"start":{"line":264,"column":8},"end":{"line":264,"column":151}},"40":{"start":{"line":265,"column":8},"end":{"line":265,"column":125}},"41":{"start":{"line":266,"column":8},"end":{"line":266,"column":62}},"42":{"start":{"line":267,"column":8},"end":{"line":267,"column":80}},"43":{"start":{"line":269,"column":8},"end":{"line":269,"column":117}},"44":{"start":{"line":273,"column":8},"end":{"line":273,"column":11677}},"45":{"start":{"line":281,"column":8},"end":{"line":281,"column":11996}},"46":{"start":{"line":285,"column":12},"end":{"line":285,"column":28}},"47":{"start":{"line":288,"column":8},"end":{"line":288,"column":52}},"48":{"start":{"line":292,"column":8},"end":{"line":292,"column":126}},"49":{"start":{"line":293,"column":8},"end":{"line":293,"column":54}},"50":{"start":{"line":294,"column":8},"end":{"line":294,"column":28}},"51":{"start":{"line":295,"column":8},"end":{"line":295,"column":12685}},"52":{"start":{"line":298,"column":12},"end":{"line":298,"column":12830}},"53":{"start":{"line":306,"column":8},"end":{"line":306,"column":13140}},"54":{"start":{"line":307,"column":12},"end":{"line":307,"column":55}},"55":{"start":{"line":309,"column":12},"end":{"line":309,"column":69}},"56":{"start":{"line":312,"column":8},"end":{"line":312,"column":13384}},"57":{"start":{"line":315,"column":12},"end":{"line":315,"column":56}},"58":{"start":{"line":320,"column":8},"end":{"line":320,"column":54}},"59":{"start":{"line":321,"column":8},"end":{"line":321,"column":51}},"60":{"start":{"line":325,"column":8},"end":{"line":325,"column":54}},"61":{"start":{"line":326,"column":8},"end":{"line":326,"column":45}},"62":{"start":{"line":330,"column":8},"end":{"line":330,"column":54}},"63":{"start":{"line":331,"column":8},"end":{"line":331,"column":18}},"64":{"start":{"line":332,"column":8},"end":{"line":332,"column":14534}},"65":{"start":{"line":333,"column":12},"end":{"line":333,"column":14584}},"66":{"start":{"line":337,"column":8},"end":{"line":337,"column":20}},"67":{"start":{"line":341,"column":8},"end":{"line":341,"column":54}},"68":{"start":{"line":342,"column":8},"end":{"line":342,"column":117}},"69":{"start":{"line":343,"column":8},"end":{"line":343,"column":95}},"70":{"start":{"line":347,"column":8},"end":{"line":347,"column":52}},"71":{"start":{"line":349,"column":8},"end":{"line":349,"column":53}},"72":{"start":{"line":353,"column":8},"end":{"line":353,"column":47}},"73":{"start":{"line":357,"column":8},"end":{"line":357,"column":37}},"74":{"start":{"line":358,"column":8},"end":{"line":358,"column":54}},"75":{"start":{"line":376,"column":8},"end":{"line":376,"column":21}},"76":{"start":{"line":380,"column":8},"end":{"line":380,"column":75}},"77":{"start":{"line":381,"column":8},"end":{"line":381,"column":98}},"78":{"start":{"line":382,"column":8},"end":{"line":382,"column":37}},"79":{"start":{"line":383,"column":8},"end":{"line":383,"column":17034}},"80":{"start":{"line":386,"column":8},"end":{"line":386,"column":56}},"81":{"start":{"line":387,"column":8},"end":{"line":387,"column":17221}},"82":{"start":{"line":390,"column":8},"end":{"line":390,"column":40}},"83":{"start":{"line":394,"column":8},"end":{"line":394,"column":75}},"84":{"start":{"line":395,"column":8},"end":{"line":395,"column":126}},"85":{"start":{"line":396,"column":8},"end":{"line":396,"column":37}},"86":{"start":{"line":397,"column":8},"end":{"line":397,"column":17753}},"87":{"start":{"line":400,"column":8},"end":{"line":400,"column":56}},"88":{"start":{"line":401,"column":8},"end":{"line":401,"column":17996}},"89":{"start":{"line":404,"column":8},"end":{"line":404,"column":68}},"90":{"start":{"line":412,"column":8},"end":{"line":412,"column":114}},"91":{"start":{"line":413,"column":8},"end":{"line":413,"column":103}},"92":{"start":{"line":415,"column":8},"end":{"line":415,"column":67}},"93":{"start":{"line":416,"column":8},"end":{"line":416,"column":64}},"94":{"start":{"line":420,"column":8},"end":{"line":420,"column":146}},"95":{"start":{"line":421,"column":8},"end":{"line":421,"column":54}},"96":{"start":{"line":422,"column":8},"end":{"line":422,"column":155}},"97":{"start":{"line":423,"column":8},"end":{"line":423,"column":107}},"98":{"start":{"line":424,"column":8},"end":{"line":424,"column":101}},"99":{"start":{"line":425,"column":8},"end":{"line":425,"column":105}},"100":{"start":{"line":426,"column":8},"end":{"line":426,"column":78}},"101":{"start":{"line":427,"column":8},"end":{"line":427,"column":42}},"102":{"start":{"line":428,"column":8},"end":{"line":428,"column":36}},"103":{"start":{"line":432,"column":8},"end":{"line":432,"column":78}},"104":{"start":{"line":433,"column":8},"end":{"line":433,"column":52}},"105":{"start":{"line":434,"column":8},"end":{"line":434,"column":39}},"106":{"start":{"line":435,"column":8},"end":{"line":435,"column":20235}},"107":{"start":{"line":438,"column":8},"end":{"line":438,"column":28}},"108":{"start":{"line":442,"column":8},"end":{"line":442,"column":20619}},"109":{"start":{"line":444,"column":12},"end":{"line":444,"column":46}},"110":{"start":{"line":446,"column":13},"end":{"line":446,"column":20769}},"111":{"start":{"line":448,"column":12},"end":{"line":448,"column":53}},"112":{"start":{"line":449,"column":12},"end":{"line":449,"column":20917}},"113":{"start":{"line":452,"column":12},"end":{"line":452,"column":30}},"114":{"start":{"line":454,"column":13},"end":{"line":454,"column":21038}},"115":{"start":{"line":455,"column":12},"end":{"line":455,"column":26}},"116":{"start":{"line":456,"column":12},"end":{"line":456,"column":21124}},"117":{"start":{"line":462,"column":12},"end":{"line":462,"column":25}},"118":{"start":{"line":464,"column":13},"end":{"line":464,"column":21345}},"119":{"start":{"line":465,"column":12},"end":{"line":465,"column":48}},"120":{"start":{"line":468,"column":12},"end":{"line":468,"column":43}}},"branchMap":{"1":{"line":119,"type":"if","locations":[{"start":{"line":119,"column":8},"end":{"line":119,"column":8}},{"start":{"line":119,"column":8},"end":{"line":119,"column":8}}]},"2":{"line":128,"type":"if","locations":[{"start":{"line":128,"column":26},"end":{"line":128,"column":26}},{"start":{"line":128,"column":26},"end":{"line":128,"column":26}}]},"3":{"line":144,"type":"if","locations":[{"start":{"line":144,"column":49},"end":{"line":144,"column":49}},{"start":{"line":144,"column":49},"end":{"line":144,"column":49}}]},"4":{"line":145,"type":"if","locations":[{"start":{"line":145,"column":8},"end":{"line":145,"column":8}},{"start":{"line":145,"column":8},"end":{"line":145,"column":8}}]},"5":{"line":149,"type":"if","locations":[{"start":{"line":149,"column":54},"end":{"line":149,"column":54}},{"start":{"line":149,"column":54},"end":{"line":149,"column":54}}]},"6":{"line":153,"type":"if","locations":[{"start":{"line":153,"column":54},"end":{"line":153,"column":54}},{"start":{"line":153,"column":54},"end":{"line":153,"column":54}}]},"7":{"line":157,"type":"if","locations":[{"start":{"line":157,"column":56},"end":{"line":157,"column":56}},{"start":{"line":157,"column":56},"end":{"line":157,"column":56}}]},"8":{"line":172,"type":"if","locations":[{"start":{"line":172,"column":8},"end":{"line":172,"column":8}},{"start":{"line":172,"column":8},"end":{"line":172,"column":8}}]},"9":{"line":173,"type":"if","locations":[{"start":{"line":173,"column":8},"end":{"line":173,"column":8}},{"start":{"line":173,"column":8},"end":{"line":173,"column":8}}]},"10":{"line":174,"type":"if","locations":[{"start":{"line":174,"column":8},"end":{"line":174,"column":8}},{"start":{"line":174,"column":8},"end":{"line":174,"column":8}}]},"11":{"line":174,"type":"cond-expr","locations":[{"start":{"line":174,"column":16},"end":{"line":174,"column":49}},{"start":{"line":174,"column":54},"end":{"line":174,"column":87}}]},"12":{"line":174,"type":"cond-expr","locations":[{"start":{"line":174,"column":16},"end":{"line":174,"column":87}},{"start":{"line":174,"column":92},"end":{"line":174,"column":128}}]},"13":{"line":174,"type":"cond-expr","locations":[{"start":{"line":174,"column":16},"end":{"line":174,"column":128}},{"start":{"line":174,"column":133},"end":{"line":174,"column":169}}]},"14":{"line":187,"type":"if","locations":[{"start":{"line":187,"column":8},"end":{"line":187,"column":8}},{"start":{"line":187,"column":8},"end":{"line":187,"column":8}}]},"15":{"line":187,"type":"cond-expr","locations":[{"start":{"line":187,"column":11},"end":{"line":187,"column":44}},{"start":{"line":187,"column":49},"end":{"line":187,"column":82}}]},"16":{"line":206,"type":"if","locations":[{"start":{"line":206,"column":82},"end":{"line":206,"column":82}},{"start":{"line":206,"column":82},"end":{"line":206,"column":82}}]},"17":{"line":209,"type":"if","locations":[{"start":{"line":209,"column":8},"end":{"line":209,"column":8}},{"start":{"line":209,"column":8},"end":{"line":209,"column":8}}]},"18":{"line":209,"type":"cond-expr","locations":[{"start":{"line":209,"column":16},"end":{"line":209,"column":50}},{"start":{"line":209,"column":55},"end":{"line":209,"column":92}}]},"19":{"line":210,"type":"if","locations":[{"start":{"line":210,"column":8},"end":{"line":210,"column":8}},{"start":{"line":210,"column":8},"end":{"line":210,"column":8}}]},"20":{"line":211,"type":"if","locations":[{"start":{"line":211,"column":8},"end":{"line":211,"column":8}},{"start":{"line":211,"column":8},"end":{"line":211,"column":8}}]},"21":{"line":212,"type":"if","locations":[{"start":{"line":212,"column":8},"end":{"line":212,"column":8}},{"start":{"line":212,"column":8},"end":{"line":212,"column":8}}]},"22":{"line":234,"type":"if","locations":[{"start":{"line":234,"column":104},"end":{"line":234,"column":104}},{"start":{"line":234,"column":104},"end":{"line":234,"column":104}}]},"23":{"line":234,"type":"if","locations":[{"start":{"line":234,"column":130},"end":{"line":234,"column":130}},{"start":{"line":234,"column":130},"end":{"line":234,"column":130}}]},"24":{"line":237,"type":"if","locations":[{"start":{"line":237,"column":8},"end":{"line":237,"column":8}},{"start":{"line":237,"column":8},"end":{"line":237,"column":8}}]},"25":{"line":237,"type":"cond-expr","locations":[{"start":{"line":237,"column":16},"end":{"line":237,"column":50}},{"start":{"line":237,"column":55},"end":{"line":237,"column":92}}]},"26":{"line":238,"type":"if","locations":[{"start":{"line":238,"column":8},"end":{"line":238,"column":8}},{"start":{"line":238,"column":8},"end":{"line":238,"column":8}}]},"27":{"line":239,"type":"if","locations":[{"start":{"line":239,"column":8},"end":{"line":239,"column":8}},{"start":{"line":239,"column":8},"end":{"line":239,"column":8}}]},"28":{"line":240,"type":"if","locations":[{"start":{"line":240,"column":8},"end":{"line":240,"column":8}},{"start":{"line":240,"column":8},"end":{"line":240,"column":8}}]},"29":{"line":262,"type":"if","locations":[{"start":{"line":262,"column":114},"end":{"line":262,"column":114}},{"start":{"line":262,"column":114},"end":{"line":262,"column":114}}]},"30":{"line":264,"type":"if","locations":[{"start":{"line":264,"column":8},"end":{"line":264,"column":8}},{"start":{"line":264,"column":8},"end":{"line":264,"column":8}}]},"31":{"line":265,"type":"if","locations":[{"start":{"line":265,"column":8},"end":{"line":265,"column":8}},{"start":{"line":265,"column":8},"end":{"line":265,"column":8}}]},"32":{"line":269,"type":"if","locations":[{"start":{"line":269,"column":8},"end":{"line":269,"column":8}},{"start":{"line":269,"column":8},"end":{"line":269,"column":8}}]},"33":{"line":273,"type":"if","locations":[{"start":{"line":273,"column":8},"end":{"line":273,"column":8}},{"start":{"line":273,"column":8},"end":{"line":273,"column":8}}]},"34":{"line":273,"type":"cond-expr","locations":[{"start":{"line":273,"column":11},"end":{"line":273,"column":48}},{"start":{"line":273,"column":53},"end":{"line":273,"column":90}}]},"35":{"line":281,"type":"if","locations":[{"start":{"line":281,"column":8},"end":{"line":281,"column":8}},{"start":{"line":281,"column":8},"end":{"line":281,"column":8}}]},"36":{"line":291,"type":"if","locations":[{"start":{"line":291,"column":76},"end":{"line":291,"column":76}},{"start":{"line":291,"column":76},"end":{"line":291,"column":76}}]},"37":{"line":292,"type":"if","locations":[{"start":{"line":292,"column":8},"end":{"line":292,"column":8}},{"start":{"line":292,"column":8},"end":{"line":292,"column":8}}]},"38":{"line":295,"type":"if","locations":[{"start":{"line":295,"column":8},"end":{"line":295,"column":8}},{"start":{"line":295,"column":8},"end":{"line":295,"column":8}}]},"39":{"line":298,"type":"if","locations":[{"start":{"line":298,"column":12},"end":{"line":298,"column":12}},{"start":{"line":298,"column":12},"end":{"line":298,"column":12}}]},"40":{"line":306,"type":"if","locations":[{"start":{"line":306,"column":8},"end":{"line":306,"column":8}},{"start":{"line":306,"column":8},"end":{"line":306,"column":8}}]},"41":{"line":312,"type":"if","locations":[{"start":{"line":312,"column":8},"end":{"line":312,"column":8}},{"start":{"line":312,"column":8},"end":{"line":312,"column":8}}]},"42":{"line":333,"type":"if","locations":[{"start":{"line":333,"column":12},"end":{"line":333,"column":12}},{"start":{"line":333,"column":12},"end":{"line":333,"column":12}}]},"43":{"line":340,"type":"if","locations":[{"start":{"line":340,"column":60},"end":{"line":340,"column":60}},{"start":{"line":340,"column":60},"end":{"line":340,"column":60}}]},"44":{"line":342,"type":"if","locations":[{"start":{"line":342,"column":8},"end":{"line":342,"column":8}},{"start":{"line":342,"column":8},"end":{"line":342,"column":8}}]},"45":{"line":343,"type":"if","locations":[{"start":{"line":343,"column":8},"end":{"line":343,"column":8}},{"start":{"line":343,"column":8},"end":{"line":343,"column":8}}]},"46":{"line":352,"type":"if","locations":[{"start":{"line":352,"column":32},"end":{"line":352,"column":32}},{"start":{"line":352,"column":32},"end":{"line":352,"column":32}}]},"47":{"line":380,"type":"if","locations":[{"start":{"line":380,"column":8},"end":{"line":380,"column":8}},{"start":{"line":380,"column":8},"end":{"line":380,"column":8}}]},"48":{"line":381,"type":"if","locations":[{"start":{"line":381,"column":8},"end":{"line":381,"column":8}},{"start":{"line":381,"column":8},"end":{"line":381,"column":8}}]},"49":{"line":381,"type":"cond-expr","locations":[{"start":{"line":381,"column":16},"end":{"line":381,"column":24}},{"start":{"line":381,"column":29},"end":{"line":381,"column":63}}]},"50":{"line":383,"type":"if","locations":[{"start":{"line":383,"column":8},"end":{"line":383,"column":8}},{"start":{"line":383,"column":8},"end":{"line":383,"column":8}}]},"51":{"line":394,"type":"if","locations":[{"start":{"line":394,"column":8},"end":{"line":394,"column":8}},{"start":{"line":394,"column":8},"end":{"line":394,"column":8}}]},"52":{"line":395,"type":"if","locations":[{"start":{"line":395,"column":8},"end":{"line":395,"column":8}},{"start":{"line":395,"column":8},"end":{"line":395,"column":8}}]},"53":{"line":395,"type":"cond-expr","locations":[{"start":{"line":395,"column":16},"end":{"line":395,"column":24}},{"start":{"line":395,"column":29},"end":{"line":395,"column":91}}]},"54":{"line":397,"type":"if","locations":[{"start":{"line":397,"column":8},"end":{"line":397,"column":8}},{"start":{"line":397,"column":8},"end":{"line":397,"column":8}}]},"55":{"line":411,"type":"if","locations":[{"start":{"line":411,"column":80},"end":{"line":411,"column":80}},{"start":{"line":411,"column":80},"end":{"line":411,"column":80}}]},"56":{"line":412,"type":"if","locations":[{"start":{"line":412,"column":8},"end":{"line":412,"column":8}},{"start":{"line":412,"column":8},"end":{"line":412,"column":8}}]},"57":{"line":413,"type":"if","locations":[{"start":{"line":413,"column":8},"end":{"line":413,"column":8}},{"start":{"line":413,"column":8},"end":{"line":413,"column":8}}]},"58":{"line":419,"type":"if","locations":[{"start":{"line":419,"column":92},"end":{"line":419,"column":92}},{"start":{"line":419,"column":92},"end":{"line":419,"column":92}}]},"59":{"line":420,"type":"if","locations":[{"start":{"line":420,"column":8},"end":{"line":420,"column":8}},{"start":{"line":420,"column":8},"end":{"line":420,"column":8}}]},"60":{"line":422,"type":"if","locations":[{"start":{"line":422,"column":8},"end":{"line":422,"column":8}},{"start":{"line":422,"column":8},"end":{"line":422,"column":8}}]},"61":{"line":423,"type":"if","locations":[{"start":{"line":423,"column":8},"end":{"line":423,"column":8}},{"start":{"line":423,"column":8},"end":{"line":423,"column":8}}]},"62":{"line":424,"type":"if","locations":[{"start":{"line":424,"column":8},"end":{"line":424,"column":8}},{"start":{"line":424,"column":8},"end":{"line":424,"column":8}}]},"63":{"line":425,"type":"if","locations":[{"start":{"line":425,"column":8},"end":{"line":425,"column":8}},{"start":{"line":425,"column":8},"end":{"line":425,"column":8}}]},"64":{"line":442,"type":"if","locations":[{"start":{"line":442,"column":8},"end":{"line":442,"column":8}},{"start":{"line":442,"column":8},"end":{"line":442,"column":8}}]},"65":{"line":446,"type":"if","locations":[{"start":{"line":446,"column":13},"end":{"line":446,"column":13}},{"start":{"line":446,"column":13},"end":{"line":446,"column":13}}]},"66":{"line":449,"type":"if","locations":[{"start":{"line":449,"column":12},"end":{"line":449,"column":12}},{"start":{"line":449,"column":12},"end":{"line":449,"column":12}}]},"67":{"line":454,"type":"if","locations":[{"start":{"line":454,"column":13},"end":{"line":454,"column":13}},{"start":{"line":454,"column":13},"end":{"line":454,"column":13}}]},"68":{"line":456,"type":"if","locations":[{"start":{"line":456,"column":12},"end":{"line":456,"column":12}},{"start":{"line":456,"column":12},"end":{"line":456,"column":12}}]},"69":{"line":464,"type":"if","locations":[{"start":{"line":464,"column":13},"end":{"line":464,"column":13}},{"start":{"line":464,"column":13},"end":{"line":464,"column":13}}]},"70":{"line":478,"type":"if","locations":[{"start":{"line":478,"column":8},"end":{"line":478,"column":8}},{"start":{"line":478,"column":8},"end":{"line":478,"column":8}}]}}},"contracts\\USDCoin.sol":{"l":{"11":99,"12":99,"13":99,"17":99,"21":55},"path":"C:\\Users\\Hans\\Documents\\Repositorios\\Hans\\reverse-auction-dApp\\contracts\\USDCoin.sol","s":{"1":99,"2":99,"3":99,"4":99,"5":55},"b":{"1":[55,1]},"f":{"1":99,"2":99,"3":55},"fnMap":{"1":{"name":"constructor","line":10,"loc":{"start":{"line":10,"column":4},"end":{"line":14,"column":4}}},"2":{"name":"decimals","line":16,"loc":{"start":{"line":16,"column":4},"end":{"line":18,"column":4}}},"3":{"name":"mint","line":20,"loc":{"start":{"line":20,"column":4},"end":{"line":22,"column":4}}}},"statementMap":{"1":{"start":{"line":11,"column":8},"end":{"line":11,"column":52}},"2":{"start":{"line":12,"column":8},"end":{"line":12,"column":49}},"3":{"start":{"line":13,"column":8},"end":{"line":13,"column":42}},"4":{"start":{"line":17,"column":8},"end":{"line":17,"column":16}},"5":{"start":{"line":21,"column":8},"end":{"line":21,"column":24}}},"branchMap":{"1":{"line":20,"type":"if","locations":[{"start":{"line":20,"column":53},"end":{"line":20,"column":53}},{"start":{"line":20,"column":53},"end":{"line":20,"column":53}}]}}}}