{
"contracts\\NFTModifier.sol":{"l":{"32":3,"39":99,"40":99,"41":99,"42":99,"43":99,"45":99,"46":99,"47":99,"52":1,"66":17,"67":17,"76":1,"85":9,"94":9,"102":14,"103":14,"104":14,"105":14,"107":14,"122":25,"129":8,"138":1,"147":1},"path":"C:\\Users\\Hans\\Documents\\Repositorios\\Blockchain Bootcamp\\reverse-auction-dApp-contracts\\contracts\\NFTModifier.sol","s":{"1":3,"2":99,"3":99,"4":99,"5":99,"6":99,"7":99,"8":99,"9":99,"10":1,"11":17,"12":1,"13":9,"14":9,"15":14,"16":14,"17":14,"18":14,"19":25,"20":8,"21":1,"22":1},"b":{"1":[99,1],"2":[17,1],"3":[1,1],"4":[1,1]},"f":{"1":3,"2":99,"3":1,"4":17,"5":1,"6":9,"7":9,"8":14,"9":1,"10":25,"11":8,"12":1,"13":1},"fnMap":{"1":{"name":"constructor","line":31,"loc":{"start":{"line":31,"column":4},"end":{"line":33,"column":4}}},"2":{"name":"initialize","line":38,"loc":{"start":{"line":38,"column":4},"end":{"line":48,"column":4}}},"3":{"name":"_baseURI","line":51,"loc":{"start":{"line":51,"column":4},"end":{"line":53,"column":4}}},"4":{"name":"safeMint","line":64,"loc":{"start":{"line":62,"column":4},"end":{"line":68,"column":4}}},"5":{"name":"setTokenURI","line":75,"loc":{"start":{"line":75,"column":4},"end":{"line":77,"column":4}}},"6":{"name":"tokenType","line":84,"loc":{"start":{"line":84,"column":4},"end":{"line":86,"column":4}}},"7":{"name":"tokenValue","line":93,"loc":{"start":{"line":93,"column":4},"end":{"line":95,"column":4}}},"8":{"name":"getMyModifiers","line":101,"loc":{"start":{"line":101,"column":4},"end":{"line":108,"column":4}}},"9":{"name":"_authorizeUpgrade","line":112,"loc":{"start":{"line":110,"column":4},"end":{"line":114,"column":5}}},"10":{"name":"_beforeTokenTransfer","line":118,"loc":{"start":{"line":118,"column":4},"end":{"line":123,"column":4}}},"11":{"name":"_burn","line":125,"loc":{"start":{"line":125,"column":4},"end":{"line":130,"column":4}}},"12":{"name":"tokenURI","line":132,"loc":{"start":{"line":132,"column":4},"end":{"line":139,"column":4}}},"13":{"name":"supportsInterface","line":141,"loc":{"start":{"line":141,"column":4},"end":{"line":148,"column":4}}}},"statementMap":{"1":{"start":{"line":32,"column":8},"end":{"line":32,"column":29}},"2":{"start":{"line":39,"column":8},"end":{"line":39,"column":55}},"3":{"start":{"line":40,"column":8},"end":{"line":40,"column":32}},"4":{"start":{"line":41,"column":8},"end":{"line":41,"column":32}},"5":{"start":{"line":42,"column":8},"end":{"line":42,"column":29}},"6":{"start":{"line":43,"column":8},"end":{"line":43,"column":31}},"7":{"start":{"line":45,"column":8},"end":{"line":45,"column":49}},"8":{"start":{"line":46,"column":8},"end":{"line":46,"column":42}},"9":{"start":{"line":47,"column":8},"end":{"line":47,"column":44}},"10":{"start":{"line":52,"column":8},"end":{"line":52,"column":24}},"11":{"start":{"line":66,"column":8},"end":{"line":66,"column":29}},"12":{"start":{"line":76,"column":8},"end":{"line":76,"column":33}},"13":{"start":{"line":85,"column":8},"end":{"line":85,"column":46}},"14":{"start":{"line":94,"column":8},"end":{"line":94,"column":44}},"15":{"start":{"line":102,"column":8},"end":{"line":102,"column":55}},"16":{"start":{"line":103,"column":8},"end":{"line":103,"column":67}},"17":{"start":{"line":104,"column":8},"end":{"line":104,"column":4120}},"18":{"start":{"line":107,"column":8},"end":{"line":107,"column":24}},"19":{"start":{"line":122,"column":8},"end":{"line":122,"column":63}},"20":{"start":{"line":129,"column":8},"end":{"line":129,"column":27}},"21":{"start":{"line":138,"column":8},"end":{"line":138,"column":38}},"22":{"start":{"line":147,"column":8},"end":{"line":147,"column":51}}},"branchMap":{"1":{"line":38,"type":"if","locations":[{"start":{"line":38,"column":26},"end":{"line":38,"column":26}},{"start":{"line":38,"column":26},"end":{"line":38,"column":26}}]},"2":{"line":64,"type":"if","locations":[{"start":{"line":64,"column":8},"end":{"line":64,"column":8}},{"start":{"line":64,"column":8},"end":{"line":64,"column":8}}]},"3":{"line":75,"type":"if","locations":[{"start":{"line":75,"column":68},"end":{"line":75,"column":68}},{"start":{"line":75,"column":68},"end":{"line":75,"column":68}}]},"4":{"line":112,"type":"if","locations":[{"start":{"line":112,"column":8},"end":{"line":112,"column":8}},{"start":{"line":112,"column":8},"end":{"line":112,"column":8}}]}}},
"contracts\\NFTTicket.sol":{"l":{"22":3,"29":99,"30":99,"31":99,"32":99,"33":99,"35":99,"36":99,"44":1,"56":67,"65":1,"80":0,"89":1,"98":1},"path":"C:\\Users\\Hans\\Documents\\Repositorios\\Blockchain Bootcamp\\reverse-auction-dApp-contracts\\contracts\\NFTTicket.sol","s":{"1":3,"2":99,"3":99,"4":99,"5":99,"6":99,"7":99,"8":99,"9":1,"10":67,"11":1,"12":0,"13":1,"14":1},"b":{"1":[99,1],"2":[67,1],"3":[1,1],"4":[1,1]},"f":{"1":3,"2":99,"3":1,"4":67,"5":1,"6":1,"7":0,"8":1,"9":1},"fnMap":{"1":{"name":"constructor","line":21,"loc":{"start":{"line":21,"column":4},"end":{"line":23,"column":4}}},"2":{"name":"initialize","line":28,"loc":{"start":{"line":28,"column":4},"end":{"line":37,"column":4}}},"3":{"name":"_baseURI","line":43,"loc":{"start":{"line":43,"column":4},"end":{"line":45,"column":4}}},"4":{"name":"safeMint","line":54,"loc":{"start":{"line":52,"column":4},"end":{"line":57,"column":4}}},"5":{"name":"setTokenURI","line":64,"loc":{"start":{"line":64,"column":4},"end":{"line":66,"column":4}}},"6":{"name":"_authorizeUpgrade","line":70,"loc":{"start":{"line":68,"column":4},"end":{"line":72,"column":5}}},"7":{"name":"_burn","line":76,"loc":{"start":{"line":76,"column":4},"end":{"line":81,"column":4}}},"8":{"name":"tokenURI","line":83,"loc":{"start":{"line":83,"column":4},"end":{"line":90,"column":4}}},"9":{"name":"supportsInterface","line":92,"loc":{"start":{"line":92,"column":4},"end":{"line":99,"column":4}}}},"statementMap":{"1":{"start":{"line":22,"column":8},"end":{"line":22,"column":29}},"2":{"start":{"line":29,"column":8},"end":{"line":29,"column":53}},"3":{"start":{"line":30,"column":8},"end":{"line":30,"column":32}},"4":{"start":{"line":31,"column":8},"end":{"line":31,"column":30}},"5":{"start":{"line":32,"column":8},"end":{"line":32,"column":29}},"6":{"start":{"line":33,"column":8},"end":{"line":33,"column":31}},"7":{"start":{"line":35,"column":8},"end":{"line":35,"column":49}},"8":{"start":{"line":36,"column":8},"end":{"line":36,"column":44}},"9":{"start":{"line":44,"column":8},"end":{"line":44,"column":24}},"10":{"start":{"line":56,"column":8},"end":{"line":56,"column":29}},"11":{"start":{"line":65,"column":8},"end":{"line":65,"column":33}},"12":{"start":{"line":80,"column":8},"end":{"line":80,"column":27}},"13":{"start":{"line":89,"column":8},"end":{"line":89,"column":38}},"14":{"start":{"line":98,"column":8},"end":{"line":98,"column":51}}},"branchMap":{"1":{"line":28,"type":"if","locations":[{"start":{"line":28,"column":26},"end":{"line":28,"column":26}},{"start":{"line":28,"column":26},"end":{"line":28,"column":26}}]},"2":{"line":54,"type":"if","locations":[{"start":{"line":54,"column":8},"end":{"line":54,"column":8}},{"start":{"line":54,"column":8},"end":{"line":54,"column":8}}]},"3":{"line":64,"type":"if","locations":[{"start":{"line":64,"column":68},"end":{"line":64,"column":68}},{"start":{"line":64,"column":68},"end":{"line":64,"column":68}}]},"4":{"line":70,"type":"if","locations":[{"start":{"line":70,"column":8},"end":{"line":70,"column":8}},{"start":{"line":70,"column":8},"end":{"line":70,"column":8}}]}}},
"contracts\\ReverseAuction.sol":{"l":{"144":119,"145":119,"146":113,"151":3,"158":99,"159":99,"161":99,"162":99,"164":99,"165":99,"176":60,"185":2,"186":1,"194":33,"202":33,"210":33,"237":52,"238":51,"239":50,"241":49,"242":49,"243":49,"244":49,"245":49,"246":49,"247":49,"248":49,"249":49,"250":49,"251":49,"252":49,"253":10,"256":39,"258":49,"259":49,"260":49,"261":49,"262":49,"264":49,"265":49,"267":49,"268":49,"270":49,"282":63,"283":63,"284":62,"285":61,"286":60,"288":59,"289":59,"290":59,"293":59,"295":59,"297":59,"298":59,"299":59,"301":59,"302":19,"303":19,"305":59,"307":59,"319":12,"320":12,"321":11,"322":10,"323":9,"325":8,"326":8,"327":8,"330":8,"332":8,"334":8,"335":8,"336":8,"338":8,"339":8,"340":8,"342":8,"344":8,"356":17,"357":17,"358":16,"359":15,"360":15,"362":15,"364":14,"366":14,"367":8,"370":14,"371":14,"372":14,"374":14,"375":12,"376":12,"377":12,"378":12,"381":14,"391":4,"392":3,"393":3,"394":3,"396":3,"397":2,"398":2,"399":2,"400":2,"403":0,"405":2,"408":3,"409":2,"410":2,"411":2,"414":3,"415":3,"417":3,"418":2,"419":2,"420":2,"421":2,"431":2,"432":2,"442":2,"443":2,"452":2,"453":2,"454":2,"455":42,"456":2,"459":2,"467":3,"468":3,"469":2,"471":1,"472":1,"473":1,"474":1,"475":1,"478":1,"485":1,"494":5,"495":5,"496":5,"497":5,"498":5,"499":5,"500":5,"501":5,"502":5,"503":5,"504":5,"505":5,"506":5,"507":5,"508":5,"509":5,"510":5,"511":5,"513":5,"523":4,"524":3,"525":2,"526":2,"527":1,"529":2,"530":2,"531":4,"533":2,"543":1,"544":1,"545":1,"546":1,"547":1,"549":1,"550":1,"551":1,"553":1,"564":19,"565":18,"566":17,"567":17,"568":17,"583":13,"584":12,"585":12,"586":11,"587":10,"588":9,"589":8,"590":8,"591":8,"601":8,"602":8,"603":8,"604":8,"605":8,"607":8,"618":8,"619":2,"620":2,"624":2,"625":2,"626":2,"627":1,"629":2,"632":2,"634":2,"635":1,"638":1,"640":2,"643":1,"646":1},"path":"C:\\Users\\Hans\\Documents\\Repositorios\\Blockchain Bootcamp\\reverse-auction-dApp-contracts\\contracts\\ReverseAuction.sol","s":{"1":119,"2":119,"3":3,"4":99,"5":99,"6":99,"7":99,"8":60,"9":2,"10":52,"11":51,"12":50,"13":49,"14":49,"15":49,"16":49,"17":49,"18":49,"19":63,"20":63,"21":62,"22":61,"23":60,"24":59,"25":59,"26":59,"27":59,"28":19,"29":59,"30":12,"31":12,"32":11,"33":10,"34":9,"35":8,"36":8,"37":8,"38":8,"39":8,"40":8,"41":17,"42":17,"43":16,"44":15,"45":15,"46":15,"47":14,"48":14,"49":12,"50":14,"51":4,"52":3,"53":3,"54":3,"55":3,"56":2,"57":3,"58":2,"59":2,"60":3,"61":2,"62":2,"63":2,"64":2,"65":2,"66":2,"67":2,"68":2,"69":2,"70":42,"71":2,"72":3,"73":3,"74":2,"75":1,"76":1,"77":1,"78":1,"79":1,"80":5,"81":5,"82":5,"83":4,"84":3,"85":2,"86":2,"87":2,"88":2,"89":2,"90":1,"91":1,"92":1,"93":1,"94":1,"95":1,"96":1,"97":19,"98":18,"99":17,"100":17,"101":13,"102":12,"103":12,"104":11,"105":10,"106":9,"107":8,"108":8,"109":8,"110":8,"111":8,"112":8,"113":8,"114":8,"115":8,"116":2,"117":6,"118":2,"119":2,"120":2,"121":4,"122":2,"123":2,"124":2,"125":2,"126":1,"127":1},"b":{"1":[113,6],"2":[99,1],"3":[2,1],"4":[1,1],"5":[33,1],"6":[33,1],"7":[33,1],"8":[51,1],"9":[50,1],"10":[49,1],"11":[5,5],"12":[5,2],"13":[2,37],"14":[10,39],"15":[5,5],"16":[63,1],"17":[62,1],"18":[8,54],"19":[61,1],"20":[60,1],"21":[59,1],"22":[19,40],"23":[13,1],"24":[12,1],"25":[11,1],"26":[9,2],"27":[10,1],"28":[9,1],"29":[8,1],"30":[8,0],"31":[17,1],"32":[16,1],"33":[15,1],"34":[14,1],"35":[8,6],"36":[1,7],"37":[12,2],"38":[4,1],"39":[3,1],"40":[3,0],"41":[2,1],"42":[2,0],"43":[2,1],"44":[2,1],"45":[2,40],"46":[3,1],"47":[2,1],"48":[1,1],"49":[1,0],"50":[1,1],"51":[3,1],"52":[2,1],"53":[1,1],"54":[1,1],"55":[1,0],"56":[1,0],"57":[1,0],"58":[1,0],"59":[19,1],"60":[18,1],"61":[17,1],"62":[13,1],"63":[12,1],"64":[11,1],"65":[10,1],"66":[9,1],"67":[8,1],"68":[2,6],"69":[2,4],"70":[1,1],"71":[2,2],"72":[1,1],"73":[1,1],"74":[1,1]},"f":{"1":119,"2":3,"3":99,"4":60,"5":2,"6":33,"7":33,"8":33,"9":52,"10":63,"11":12,"12":17,"13":4,"14":2,"15":2,"16":2,"17":3,"18":1,"19":5,"20":4,"21":1,"22":19,"23":13,"24":8,"25":8,"26":1},"fnMap":{"1":{"name":"auctionExists","line":143,"loc":{"start":{"line":143,"column":4},"end":{"line":147,"column":4}}},"2":{"name":"constructor","line":150,"loc":{"start":{"line":150,"column":4},"end":{"line":152,"column":4}}},"3":{"name":"initialize","line":157,"loc":{"start":{"line":157,"column":4},"end":{"line":166,"column":4}}},"4":{"name":"createCommitment","line":175,"loc":{"start":{"line":175,"column":4},"end":{"line":178,"column":4}}},"5":{"name":"setFeePercent","line":184,"loc":{"start":{"line":184,"column":4},"end":{"line":187,"column":4}}},"6":{"name":"setUSDCCoin","line":193,"loc":{"start":{"line":193,"column":4},"end":{"line":195,"column":4}}},"7":{"name":"setTicketNFT","line":201,"loc":{"start":{"line":201,"column":4},"end":{"line":203,"column":4}}},"8":{"name":"setModifierNFT","line":209,"loc":{"start":{"line":209,"column":4},"end":{"line":211,"column":4}}},"9":{"name":"createAuction","line":226,"loc":{"start":{"line":226,"column":4},"end":{"line":272,"column":4}}},"10":{"name":"participateSelectAuction","line":280,"loc":{"start":{"line":280,"column":4},"end":{"line":309,"column":4}}},"11":{"name":"participateRandomAuction","line":317,"loc":{"start":{"line":317,"column":4},"end":{"line":346,"column":4}}},"12":{"name":"revealAuction","line":355,"loc":{"start":{"line":355,"column":4},"end":{"line":382,"column":4}}},"13":{"name":"claimAuctionPrize","line":390,"loc":{"start":{"line":390,"column":4},"end":{"line":423,"column":4}}},"14":{"name":"getMyBidsInAuction","line":430,"loc":{"start":{"line":430,"column":4},"end":{"line":433,"column":4}}},"15":{"name":"getCommitInAuction","line":441,"loc":{"start":{"line":441,"column":4},"end":{"line":444,"column":4}}},"16":{"name":"checkWinner","line":451,"loc":{"start":{"line":451,"column":4},"end":{"line":460,"column":4}}},"17":{"name":"claimAuctionProfits","line":466,"loc":{"start":{"line":466,"column":4},"end":{"line":479,"column":4}}},"18":{"name":"claimFees","line":484,"loc":{"start":{"line":484,"column":4},"end":{"line":486,"column":4}}},"19":{"name":"getAuction","line":493,"loc":{"start":{"line":493,"column":4},"end":{"line":514,"column":4}}},"20":{"name":"getAuctionsPage","line":522,"loc":{"start":{"line":522,"column":4},"end":{"line":534,"column":4}}},"21":{"name":"getMyAuctionsPage","line":542,"loc":{"start":{"line":542,"column":4},"end":{"line":554,"column":4}}},"22":{"name":"buyModifier","line":563,"loc":{"start":{"line":563,"column":4},"end":{"line":569,"column":4}}},"23":{"name":"useModifier","line":582,"loc":{"start":{"line":582,"column":4},"end":{"line":592,"column":4}}},"24":{"name":"applyModifiers","line":600,"loc":{"start":{"line":600,"column":4},"end":{"line":608,"column":4}}},"25":{"name":"applyModifier","line":616,"loc":{"start":{"line":616,"column":4},"end":{"line":648,"column":4}}},"26":{"name":"_authorizeUpgrade","line":652,"loc":{"start":{"line":650,"column":4},"end":{"line":654,"column":5}}}},"statementMap":{"1":{"start":{"line":144,"column":8},"end":{"line":144,"column":54}},"2":{"start":{"line":145,"column":8},"end":{"line":145,"column":88}},"3":{"start":{"line":151,"column":8},"end":{"line":151,"column":29}},"4":{"start":{"line":158,"column":8},"end":{"line":158,"column":29}},"5":{"start":{"line":159,"column":8},"end":{"line":159,"column":31}},"6":{"start":{"line":161,"column":8},"end":{"line":161,"column":49}},"7":{"start":{"line":162,"column":8},"end":{"line":162,"column":44}},"8":{"start":{"line":176,"column":8},"end":{"line":176,"column":62}},"9":{"start":{"line":185,"column":8},"end":{"line":185,"column":78}},"10":{"start":{"line":237,"column":8},"end":{"line":237,"column":112}},"11":{"start":{"line":238,"column":8},"end":{"line":238,"column":101}},"12":{"start":{"line":239,"column":8},"end":{"line":239,"column":9701}},"13":{"start":{"line":241,"column":8},"end":{"line":241,"column":63}},"14":{"start":{"line":243,"column":8},"end":{"line":243,"column":57}},"15":{"start":{"line":252,"column":8},"end":{"line":252,"column":10362}},"16":{"start":{"line":265,"column":8},"end":{"line":265,"column":35}},"17":{"start":{"line":268,"column":8},"end":{"line":268,"column":63}},"18":{"start":{"line":270,"column":8},"end":{"line":270,"column":53}},"19":{"start":{"line":282,"column":8},"end":{"line":282,"column":54}},"20":{"start":{"line":283,"column":8},"end":{"line":283,"column":192}},"21":{"start":{"line":284,"column":8},"end":{"line":284,"column":150}},"22":{"start":{"line":285,"column":8},"end":{"line":285,"column":124}},"23":{"start":{"line":286,"column":8},"end":{"line":286,"column":113}},"24":{"start":{"line":288,"column":8},"end":{"line":288,"column":75}},"25":{"start":{"line":295,"column":8},"end":{"line":295,"column":51}},"26":{"start":{"line":298,"column":8},"end":{"line":298,"column":62}},"27":{"start":{"line":301,"column":8},"end":{"line":301,"column":12893}},"28":{"start":{"line":303,"column":12},"end":{"line":303,"column":67}},"29":{"start":{"line":307,"column":8},"end":{"line":307,"column":57}},"30":{"start":{"line":319,"column":8},"end":{"line":319,"column":54}},"31":{"start":{"line":320,"column":8},"end":{"line":320,"column":196}},"32":{"start":{"line":321,"column":8},"end":{"line":321,"column":150}},"33":{"start":{"line":322,"column":8},"end":{"line":322,"column":126}},"34":{"start":{"line":323,"column":8},"end":{"line":323,"column":115}},"35":{"start":{"line":325,"column":8},"end":{"line":325,"column":77}},"36":{"start":{"line":332,"column":8},"end":{"line":332,"column":53}},"37":{"start":{"line":335,"column":8},"end":{"line":335,"column":64}},"38":{"start":{"line":338,"column":8},"end":{"line":338,"column":15079}},"39":{"start":{"line":340,"column":12},"end":{"line":340,"column":69}},"40":{"start":{"line":344,"column":8},"end":{"line":344,"column":59}},"41":{"start":{"line":356,"column":8},"end":{"line":356,"column":54}},"42":{"start":{"line":357,"column":8},"end":{"line":357,"column":151}},"43":{"start":{"line":358,"column":8},"end":{"line":358,"column":125}},"44":{"start":{"line":359,"column":8},"end":{"line":359,"column":62}},"45":{"start":{"line":360,"column":8},"end":{"line":360,"column":80}},"46":{"start":{"line":362,"column":8},"end":{"line":362,"column":117}},"47":{"start":{"line":366,"column":8},"end":{"line":366,"column":16548}},"48":{"start":{"line":374,"column":8},"end":{"line":374,"column":16867}},"49":{"start":{"line":378,"column":12},"end":{"line":378,"column":28}},"50":{"start":{"line":381,"column":8},"end":{"line":381,"column":52}},"51":{"start":{"line":391,"column":8},"end":{"line":391,"column":126}},"52":{"start":{"line":392,"column":8},"end":{"line":392,"column":54}},"53":{"start":{"line":393,"column":8},"end":{"line":393,"column":117}},"54":{"start":{"line":394,"column":8},"end":{"line":394,"column":28}},"55":{"start":{"line":396,"column":8},"end":{"line":396,"column":18007}},"56":{"start":{"line":399,"column":12},"end":{"line":399,"column":18152}},"57":{"start":{"line":408,"column":8},"end":{"line":408,"column":18559}},"58":{"start":{"line":409,"column":12},"end":{"line":409,"column":55}},"59":{"start":{"line":411,"column":12},"end":{"line":411,"column":69}},"60":{"start":{"line":417,"column":8},"end":{"line":417,"column":19032}},"61":{"start":{"line":420,"column":12},"end":{"line":420,"column":142}},"62":{"start":{"line":421,"column":12},"end":{"line":421,"column":56}},"63":{"start":{"line":431,"column":8},"end":{"line":431,"column":54}},"64":{"start":{"line":432,"column":8},"end":{"line":432,"column":51}},"65":{"start":{"line":442,"column":8},"end":{"line":442,"column":54}},"66":{"start":{"line":443,"column":8},"end":{"line":443,"column":45}},"67":{"start":{"line":452,"column":8},"end":{"line":452,"column":54}},"68":{"start":{"line":453,"column":8},"end":{"line":453,"column":18}},"69":{"start":{"line":454,"column":8},"end":{"line":454,"column":20971}},"70":{"start":{"line":455,"column":12},"end":{"line":455,"column":21021}},"71":{"start":{"line":459,"column":8},"end":{"line":459,"column":20}},"72":{"start":{"line":467,"column":8},"end":{"line":467,"column":54}},"73":{"start":{"line":468,"column":8},"end":{"line":468,"column":117}},"74":{"start":{"line":469,"column":8},"end":{"line":469,"column":95}},"75":{"start":{"line":471,"column":8},"end":{"line":471,"column":21659}},"76":{"start":{"line":474,"column":12},"end":{"line":474,"column":142}},"77":{"start":{"line":475,"column":12},"end":{"line":475,"column":56}},"78":{"start":{"line":478,"column":8},"end":{"line":478,"column":53}},"79":{"start":{"line":485,"column":8},"end":{"line":485,"column":47}},"80":{"start":{"line":494,"column":8},"end":{"line":494,"column":37}},"81":{"start":{"line":495,"column":8},"end":{"line":495,"column":54}},"82":{"start":{"line":513,"column":8},"end":{"line":513,"column":21}},"83":{"start":{"line":523,"column":8},"end":{"line":523,"column":75}},"84":{"start":{"line":524,"column":8},"end":{"line":524,"column":98}},"85":{"start":{"line":525,"column":8},"end":{"line":525,"column":37}},"86":{"start":{"line":526,"column":8},"end":{"line":526,"column":24321}},"87":{"start":{"line":529,"column":8},"end":{"line":529,"column":56}},"88":{"start":{"line":530,"column":8},"end":{"line":530,"column":24508}},"89":{"start":{"line":533,"column":8},"end":{"line":533,"column":40}},"90":{"start":{"line":543,"column":8},"end":{"line":543,"column":75}},"91":{"start":{"line":544,"column":8},"end":{"line":544,"column":126}},"92":{"start":{"line":545,"column":8},"end":{"line":545,"column":37}},"93":{"start":{"line":546,"column":8},"end":{"line":546,"column":25305}},"94":{"start":{"line":549,"column":8},"end":{"line":549,"column":56}},"95":{"start":{"line":550,"column":8},"end":{"line":550,"column":25548}},"96":{"start":{"line":553,"column":8},"end":{"line":553,"column":68}},"97":{"start":{"line":564,"column":8},"end":{"line":564,"column":114}},"98":{"start":{"line":565,"column":8},"end":{"line":565,"column":103}},"99":{"start":{"line":567,"column":8},"end":{"line":567,"column":67}},"100":{"start":{"line":568,"column":8},"end":{"line":568,"column":64}},"101":{"start":{"line":583,"column":8},"end":{"line":583,"column":146}},"102":{"start":{"line":584,"column":8},"end":{"line":584,"column":54}},"103":{"start":{"line":585,"column":8},"end":{"line":585,"column":155}},"104":{"start":{"line":586,"column":8},"end":{"line":586,"column":107}},"105":{"start":{"line":587,"column":8},"end":{"line":587,"column":101}},"106":{"start":{"line":588,"column":8},"end":{"line":588,"column":105}},"107":{"start":{"line":589,"column":8},"end":{"line":589,"column":78}},"108":{"start":{"line":590,"column":8},"end":{"line":590,"column":42}},"109":{"start":{"line":591,"column":8},"end":{"line":591,"column":36}},"110":{"start":{"line":601,"column":8},"end":{"line":601,"column":78}},"111":{"start":{"line":602,"column":8},"end":{"line":602,"column":52}},"112":{"start":{"line":603,"column":8},"end":{"line":603,"column":39}},"113":{"start":{"line":604,"column":8},"end":{"line":604,"column":28872}},"114":{"start":{"line":607,"column":8},"end":{"line":607,"column":28}},"115":{"start":{"line":618,"column":8},"end":{"line":618,"column":29558}},"116":{"start":{"line":620,"column":12},"end":{"line":620,"column":46}},"117":{"start":{"line":622,"column":13},"end":{"line":622,"column":29708}},"118":{"start":{"line":625,"column":12},"end":{"line":625,"column":53}},"119":{"start":{"line":626,"column":12},"end":{"line":626,"column":29913}},"120":{"start":{"line":629,"column":12},"end":{"line":629,"column":30}},"121":{"start":{"line":631,"column":13},"end":{"line":631,"column":30034}},"122":{"start":{"line":632,"column":12},"end":{"line":632,"column":26}},"123":{"start":{"line":634,"column":12},"end":{"line":634,"column":30267}},"124":{"start":{"line":640,"column":12},"end":{"line":640,"column":25}},"125":{"start":{"line":642,"column":13},"end":{"line":642,"column":30488}},"126":{"start":{"line":643,"column":12},"end":{"line":643,"column":48}},"127":{"start":{"line":646,"column":12},"end":{"line":646,"column":43}}},"branchMap":{"1":{"line":145,"type":"if","locations":[{"start":{"line":145,"column":8},"end":{"line":145,"column":8}},{"start":{"line":145,"column":8},"end":{"line":145,"column":8}}]},"2":{"line":157,"type":"if","locations":[{"start":{"line":157,"column":26},"end":{"line":157,"column":26}},{"start":{"line":157,"column":26},"end":{"line":157,"column":26}}]},"3":{"line":184,"type":"if","locations":[{"start":{"line":184,"column":49},"end":{"line":184,"column":49}},{"start":{"line":184,"column":49},"end":{"line":184,"column":49}}]},"4":{"line":185,"type":"if","locations":[{"start":{"line":185,"column":8},"end":{"line":185,"column":8}},{"start":{"line":185,"column":8},"end":{"line":185,"column":8}}]},"5":{"line":193,"type":"if","locations":[{"start":{"line":193,"column":54},"end":{"line":193,"column":54}},{"start":{"line":193,"column":54},"end":{"line":193,"column":54}}]},"6":{"line":201,"type":"if","locations":[{"start":{"line":201,"column":54},"end":{"line":201,"column":54}},{"start":{"line":201,"column":54},"end":{"line":201,"column":54}}]},"7":{"line":209,"type":"if","locations":[{"start":{"line":209,"column":56},"end":{"line":209,"column":56}},{"start":{"line":209,"column":56},"end":{"line":209,"column":56}}]},"8":{"line":237,"type":"if","locations":[{"start":{"line":237,"column":8},"end":{"line":237,"column":8}},{"start":{"line":237,"column":8},"end":{"line":237,"column":8}}]},"9":{"line":238,"type":"if","locations":[{"start":{"line":238,"column":8},"end":{"line":238,"column":8}},{"start":{"line":238,"column":8},"end":{"line":238,"column":8}}]},"10":{"line":239,"type":"if","locations":[{"start":{"line":239,"column":8},"end":{"line":239,"column":8}},{"start":{"line":239,"column":8},"end":{"line":239,"column":8}}]},"11":{"line":239,"type":"cond-expr","locations":[{"start":{"line":239,"column":16},"end":{"line":239,"column":49}},{"start":{"line":239,"column":54},"end":{"line":239,"column":87}}]},"12":{"line":239,"type":"cond-expr","locations":[{"start":{"line":239,"column":16},"end":{"line":239,"column":87}},{"start":{"line":239,"column":92},"end":{"line":239,"column":128}}]},"13":{"line":239,"type":"cond-expr","locations":[{"start":{"line":239,"column":16},"end":{"line":239,"column":128}},{"start":{"line":239,"column":133},"end":{"line":239,"column":169}}]},"14":{"line":252,"type":"if","locations":[{"start":{"line":252,"column":8},"end":{"line":252,"column":8}},{"start":{"line":252,"column":8},"end":{"line":252,"column":8}}]},"15":{"line":252,"type":"cond-expr","locations":[{"start":{"line":252,"column":11},"end":{"line":252,"column":44}},{"start":{"line":252,"column":49},"end":{"line":252,"column":82}}]},"16":{"line":280,"type":"if","locations":[{"start":{"line":280,"column":82},"end":{"line":280,"column":82}},{"start":{"line":280,"column":82},"end":{"line":280,"column":82}}]},"17":{"line":283,"type":"if","locations":[{"start":{"line":283,"column":8},"end":{"line":283,"column":8}},{"start":{"line":283,"column":8},"end":{"line":283,"column":8}}]},"18":{"line":283,"type":"cond-expr","locations":[{"start":{"line":283,"column":16},"end":{"line":283,"column":50}},{"start":{"line":283,"column":55},"end":{"line":283,"column":92}}]},"19":{"line":284,"type":"if","locations":[{"start":{"line":284,"column":8},"end":{"line":284,"column":8}},{"start":{"line":284,"column":8},"end":{"line":284,"column":8}}]},"20":{"line":285,"type":"if","locations":[{"start":{"line":285,"column":8},"end":{"line":285,"column":8}},{"start":{"line":285,"column":8},"end":{"line":285,"column":8}}]},"21":{"line":286,"type":"if","locations":[{"start":{"line":286,"column":8},"end":{"line":286,"column":8}},{"start":{"line":286,"column":8},"end":{"line":286,"column":8}}]},"22":{"line":301,"type":"if","locations":[{"start":{"line":301,"column":8},"end":{"line":301,"column":8}},{"start":{"line":301,"column":8},"end":{"line":301,"column":8}}]},"23":{"line":317,"type":"if","locations":[{"start":{"line":317,"column":104},"end":{"line":317,"column":104}},{"start":{"line":317,"column":104},"end":{"line":317,"column":104}}]},"24":{"line":317,"type":"if","locations":[{"start":{"line":317,"column":130},"end":{"line":317,"column":130}},{"start":{"line":317,"column":130},"end":{"line":317,"column":130}}]},"25":{"line":320,"type":"if","locations":[{"start":{"line":320,"column":8},"end":{"line":320,"column":8}},{"start":{"line":320,"column":8},"end":{"line":320,"column":8}}]},"26":{"line":320,"type":"cond-expr","locations":[{"start":{"line":320,"column":16},"end":{"line":320,"column":50}},{"start":{"line":320,"column":55},"end":{"line":320,"column":92}}]},"27":{"line":321,"type":"if","locations":[{"start":{"line":321,"column":8},"end":{"line":321,"column":8}},{"start":{"line":321,"column":8},"end":{"line":321,"column":8}}]},"28":{"line":322,"type":"if","locations":[{"start":{"line":322,"column":8},"end":{"line":322,"column":8}},{"start":{"line":322,"column":8},"end":{"line":322,"column":8}}]},"29":{"line":323,"type":"if","locations":[{"start":{"line":323,"column":8},"end":{"line":323,"column":8}},{"start":{"line":323,"column":8},"end":{"line":323,"column":8}}]},"30":{"line":338,"type":"if","locations":[{"start":{"line":338,"column":8},"end":{"line":338,"column":8}},{"start":{"line":338,"column":8},"end":{"line":338,"column":8}}]},"31":{"line":355,"type":"if","locations":[{"start":{"line":355,"column":114},"end":{"line":355,"column":114}},{"start":{"line":355,"column":114},"end":{"line":355,"column":114}}]},"32":{"line":357,"type":"if","locations":[{"start":{"line":357,"column":8},"end":{"line":357,"column":8}},{"start":{"line":357,"column":8},"end":{"line":357,"column":8}}]},"33":{"line":358,"type":"if","locations":[{"start":{"line":358,"column":8},"end":{"line":358,"column":8}},{"start":{"line":358,"column":8},"end":{"line":358,"column":8}}]},"34":{"line":362,"type":"if","locations":[{"start":{"line":362,"column":8},"end":{"line":362,"column":8}},{"start":{"line":362,"column":8},"end":{"line":362,"column":8}}]},"35":{"line":366,"type":"if","locations":[{"start":{"line":366,"column":8},"end":{"line":366,"column":8}},{"start":{"line":366,"column":8},"end":{"line":366,"column":8}}]},"36":{"line":366,"type":"cond-expr","locations":[{"start":{"line":366,"column":11},"end":{"line":366,"column":48}},{"start":{"line":366,"column":53},"end":{"line":366,"column":90}}]},"37":{"line":374,"type":"if","locations":[{"start":{"line":374,"column":8},"end":{"line":374,"column":8}},{"start":{"line":374,"column":8},"end":{"line":374,"column":8}}]},"38":{"line":390,"type":"if","locations":[{"start":{"line":390,"column":76},"end":{"line":390,"column":76}},{"start":{"line":390,"column":76},"end":{"line":390,"column":76}}]},"39":{"line":391,"type":"if","locations":[{"start":{"line":391,"column":8},"end":{"line":391,"column":8}},{"start":{"line":391,"column":8},"end":{"line":391,"column":8}}]},"40":{"line":393,"type":"if","locations":[{"start":{"line":393,"column":8},"end":{"line":393,"column":8}},{"start":{"line":393,"column":8},"end":{"line":393,"column":8}}]},"41":{"line":396,"type":"if","locations":[{"start":{"line":396,"column":8},"end":{"line":396,"column":8}},{"start":{"line":396,"column":8},"end":{"line":396,"column":8}}]},"42":{"line":399,"type":"if","locations":[{"start":{"line":399,"column":12},"end":{"line":399,"column":12}},{"start":{"line":399,"column":12},"end":{"line":399,"column":12}}]},"43":{"line":408,"type":"if","locations":[{"start":{"line":408,"column":8},"end":{"line":408,"column":8}},{"start":{"line":408,"column":8},"end":{"line":408,"column":8}}]},"44":{"line":417,"type":"if","locations":[{"start":{"line":417,"column":8},"end":{"line":417,"column":8}},{"start":{"line":417,"column":8},"end":{"line":417,"column":8}}]},"45":{"line":455,"type":"if","locations":[{"start":{"line":455,"column":12},"end":{"line":455,"column":12}},{"start":{"line":455,"column":12},"end":{"line":455,"column":12}}]},"46":{"line":466,"type":"if","locations":[{"start":{"line":466,"column":60},"end":{"line":466,"column":60}},{"start":{"line":466,"column":60},"end":{"line":466,"column":60}}]},"47":{"line":468,"type":"if","locations":[{"start":{"line":468,"column":8},"end":{"line":468,"column":8}},{"start":{"line":468,"column":8},"end":{"line":468,"column":8}}]},"48":{"line":469,"type":"if","locations":[{"start":{"line":469,"column":8},"end":{"line":469,"column":8}},{"start":{"line":469,"column":8},"end":{"line":469,"column":8}}]},"49":{"line":471,"type":"if","locations":[{"start":{"line":471,"column":8},"end":{"line":471,"column":8}},{"start":{"line":471,"column":8},"end":{"line":471,"column":8}}]},"50":{"line":484,"type":"if","locations":[{"start":{"line":484,"column":32},"end":{"line":484,"column":32}},{"start":{"line":484,"column":32},"end":{"line":484,"column":32}}]},"51":{"line":523,"type":"if","locations":[{"start":{"line":523,"column":8},"end":{"line":523,"column":8}},{"start":{"line":523,"column":8},"end":{"line":523,"column":8}}]},"52":{"line":524,"type":"if","locations":[{"start":{"line":524,"column":8},"end":{"line":524,"column":8}},{"start":{"line":524,"column":8},"end":{"line":524,"column":8}}]},"53":{"line":524,"type":"cond-expr","locations":[{"start":{"line":524,"column":16},"end":{"line":524,"column":24}},{"start":{"line":524,"column":29},"end":{"line":524,"column":63}}]},"54":{"line":526,"type":"if","locations":[{"start":{"line":526,"column":8},"end":{"line":526,"column":8}},{"start":{"line":526,"column":8},"end":{"line":526,"column":8}}]},"55":{"line":543,"type":"if","locations":[{"start":{"line":543,"column":8},"end":{"line":543,"column":8}},{"start":{"line":543,"column":8},"end":{"line":543,"column":8}}]},"56":{"line":544,"type":"if","locations":[{"start":{"line":544,"column":8},"end":{"line":544,"column":8}},{"start":{"line":544,"column":8},"end":{"line":544,"column":8}}]},"57":{"line":544,"type":"cond-expr","locations":[{"start":{"line":544,"column":16},"end":{"line":544,"column":24}},{"start":{"line":544,"column":29},"end":{"line":544,"column":91}}]},"58":{"line":546,"type":"if","locations":[{"start":{"line":546,"column":8},"end":{"line":546,"column":8}},{"start":{"line":546,"column":8},"end":{"line":546,"column":8}}]},"59":{"line":563,"type":"if","locations":[{"start":{"line":563,"column":80},"end":{"line":563,"column":80}},{"start":{"line":563,"column":80},"end":{"line":563,"column":80}}]},"60":{"line":564,"type":"if","locations":[{"start":{"line":564,"column":8},"end":{"line":564,"column":8}},{"start":{"line":564,"column":8},"end":{"line":564,"column":8}}]},"61":{"line":565,"type":"if","locations":[{"start":{"line":565,"column":8},"end":{"line":565,"column":8}},{"start":{"line":565,"column":8},"end":{"line":565,"column":8}}]},"62":{"line":582,"type":"if","locations":[{"start":{"line":582,"column":92},"end":{"line":582,"column":92}},{"start":{"line":582,"column":92},"end":{"line":582,"column":92}}]},"63":{"line":583,"type":"if","locations":[{"start":{"line":583,"column":8},"end":{"line":583,"column":8}},{"start":{"line":583,"column":8},"end":{"line":583,"column":8}}]},"64":{"line":585,"type":"if","locations":[{"start":{"line":585,"column":8},"end":{"line":585,"column":8}},{"start":{"line":585,"column":8},"end":{"line":585,"column":8}}]},"65":{"line":586,"type":"if","locations":[{"start":{"line":586,"column":8},"end":{"line":586,"column":8}},{"start":{"line":586,"column":8},"end":{"line":586,"column":8}}]},"66":{"line":587,"type":"if","locations":[{"start":{"line":587,"column":8},"end":{"line":587,"column":8}},{"start":{"line":587,"column":8},"end":{"line":587,"column":8}}]},"67":{"line":588,"type":"if","locations":[{"start":{"line":588,"column":8},"end":{"line":588,"column":8}},{"start":{"line":588,"column":8},"end":{"line":588,"column":8}}]},"68":{"line":618,"type":"if","locations":[{"start":{"line":618,"column":8},"end":{"line":618,"column":8}},{"start":{"line":618,"column":8},"end":{"line":618,"column":8}}]},"69":{"line":622,"type":"if","locations":[{"start":{"line":622,"column":13},"end":{"line":622,"column":13}},{"start":{"line":622,"column":13},"end":{"line":622,"column":13}}]},"70":{"line":626,"type":"if","locations":[{"start":{"line":626,"column":12},"end":{"line":626,"column":12}},{"start":{"line":626,"column":12},"end":{"line":626,"column":12}}]},"71":{"line":631,"type":"if","locations":[{"start":{"line":631,"column":13},"end":{"line":631,"column":13}},{"start":{"line":631,"column":13},"end":{"line":631,"column":13}}]},"72":{"line":634,"type":"if","locations":[{"start":{"line":634,"column":12},"end":{"line":634,"column":12}},{"start":{"line":634,"column":12},"end":{"line":634,"column":12}}]},"73":{"line":642,"type":"if","locations":[{"start":{"line":642,"column":13},"end":{"line":642,"column":13}},{"start":{"line":642,"column":13},"end":{"line":642,"column":13}}]},"74":{"line":652,"type":"if","locations":[{"start":{"line":652,"column":8},"end":{"line":652,"column":8}},{"start":{"line":652,"column":8},"end":{"line":652,"column":8}}]}}},
"contracts\\USDCoin.sol":{"l":{"15":99,"16":99,"17":99,"25":99,"34":55},"path":"C:\\Users\\Hans\\Documents\\Repositorios\\Blockchain Bootcamp\\reverse-auction-dApp-contracts\\contracts\\USDCoin.sol","s":{"1":99,"2":99,"3":99,"4":99,"5":55},"b":{"1":[55,1]},"f":{"1":99,"2":99,"3":55},"fnMap":{"1":{"name":"constructor","line":14,"loc":{"start":{"line":14,"column":4},"end":{"line":18,"column":4}}},"2":{"name":"decimals","line":24,"loc":{"start":{"line":24,"column":4},"end":{"line":26,"column":4}}},"3":{"name":"mint","line":33,"loc":{"start":{"line":33,"column":4},"end":{"line":35,"column":4}}}},"statementMap":{"1":{"start":{"line":15,"column":8},"end":{"line":15,"column":52}},"2":{"start":{"line":16,"column":8},"end":{"line":16,"column":49}},"3":{"start":{"line":17,"column":8},"end":{"line":17,"column":42}},"4":{"start":{"line":25,"column":8},"end":{"line":25,"column":16}},"5":{"start":{"line":34,"column":8},"end":{"line":34,"column":24}}},"branchMap":{"1":{"line":33,"type":"if","locations":[{"start":{"line":33,"column":53},"end":{"line":33,"column":53}},{"start":{"line":33,"column":53},"end":{"line":33,"column":53}}]}}}}
