TN:
SF:C:\Users\Hans\Documents\Repositorios\Blockchain Bootcamp\reverse-auction-dApp-contracts\contracts\NFTModifier.sol
FN:31,constructor
FN:38,initialize
FN:51,_baseURI
FN:64,safeMint
FN:75,setTokenURI
FN:84,tokenType
FN:93,tokenValue
FN:101,getMyModifiers
FN:112,_authorizeUpgrade
FN:118,_beforeTokenTransfer
FN:125,_burn
FN:132,tokenURI
FN:141,supportsInterface
FNF:13
FNH:13
FNDA:3,constructor
FNDA:99,initialize
FNDA:1,_baseURI
FNDA:17,safeMint
FNDA:1,setTokenURI
FNDA:9,tokenType
FNDA:9,tokenValue
FNDA:14,getMyModifiers
FNDA:1,_authorizeUpgrade
FNDA:25,_beforeTokenTransfer
FNDA:8,_burn
FNDA:1,tokenURI
FNDA:1,supportsInterface
DA:32,3
DA:39,99
DA:40,99
DA:41,99
DA:42,99
DA:43,99
DA:45,99
DA:46,99
DA:47,99
DA:52,1
DA:66,17
DA:67,17
DA:76,1
DA:85,9
DA:94,9
DA:102,14
DA:103,14
DA:104,14
DA:105,14
DA:107,14
DA:122,25
DA:129,8
DA:138,1
DA:147,1
LF:24
LH:24
BRDA:38,1,0,99
BRDA:38,1,1,1
BRDA:64,2,0,17
BRDA:64,2,1,1
BRDA:75,3,0,1
BRDA:75,3,1,1
BRDA:112,4,0,1
BRDA:112,4,1,1
BRF:8
BRH:8
end_of_record
TN:
SF:C:\Users\Hans\Documents\Repositorios\Blockchain Bootcamp\reverse-auction-dApp-contracts\contracts\NFTTicket.sol
FN:21,constructor
FN:28,initialize
FN:43,_baseURI
FN:54,safeMint
FN:64,setTokenURI
FN:70,_authorizeUpgrade
FN:76,_burn
FN:83,tokenURI
FN:92,supportsInterface
FNF:9
FNH:8
FNDA:3,constructor
FNDA:99,initialize
FNDA:1,_baseURI
FNDA:67,safeMint
FNDA:1,setTokenURI
FNDA:1,_authorizeUpgrade
FNDA:0,_burn
FNDA:1,tokenURI
FNDA:1,supportsInterface
DA:22,3
DA:29,99
DA:30,99
DA:31,99
DA:32,99
DA:33,99
DA:35,99
DA:36,99
DA:44,1
DA:56,67
DA:65,1
DA:80,0
DA:89,1
DA:98,1
LF:14
LH:13
BRDA:28,1,0,99
BRDA:28,1,1,1
BRDA:54,2,0,67
BRDA:54,2,1,1
BRDA:64,3,0,1
BRDA:64,3,1,1
BRDA:70,4,0,1
BRDA:70,4,1,1
BRF:8
BRH:8
end_of_record
TN:
SF:C:\Users\Hans\Documents\Repositorios\Blockchain Bootcamp\reverse-auction-dApp-contracts\contracts\ReverseAuction.sol
FN:143,auctionExists
FN:150,constructor
FN:157,initialize
FN:175,createCommitment
FN:184,setFeePercent
FN:193,setUSDCCoin
FN:201,setTicketNFT
FN:209,setModifierNFT
FN:226,createAuction
FN:280,participateSelectAuction
FN:317,participateRandomAuction
FN:355,revealAuction
FN:390,claimAuctionPrize
FN:430,getMyBidsInAuction
FN:441,getCommitInAuction
FN:451,checkWinner
FN:466,claimAuctionProfits
FN:484,claimFees
FN:493,getAuction
FN:522,getAuctionsPage
FN:542,getMyAuctionsPage
FN:563,buyModifier
FN:582,useModifier
FN:600,applyModifiers
FN:616,applyModifier
FN:652,_authorizeUpgrade
FNF:26
FNH:26
FNDA:119,auctionExists
FNDA:3,constructor
FNDA:99,initialize
FNDA:60,createCommitment
FNDA:2,setFeePercent
FNDA:33,setUSDCCoin
FNDA:33,setTicketNFT
FNDA:33,setModifierNFT
FNDA:52,createAuction
FNDA:63,participateSelectAuction
FNDA:12,participateRandomAuction
FNDA:17,revealAuction
FNDA:4,claimAuctionPrize
FNDA:2,getMyBidsInAuction
FNDA:2,getCommitInAuction
FNDA:2,checkWinner
FNDA:3,claimAuctionProfits
FNDA:1,claimFees
FNDA:5,getAuction
FNDA:4,getAuctionsPage
FNDA:1,getMyAuctionsPage
FNDA:19,buyModifier
FNDA:13,useModifier
FNDA:8,applyModifiers
FNDA:8,applyModifier
FNDA:1,_authorizeUpgrade
DA:144,119
DA:145,119
DA:146,113
DA:151,3
DA:158,99
DA:159,99
DA:161,99
DA:162,99
DA:164,99
DA:165,99
DA:176,60
DA:185,2
DA:186,1
DA:194,33
DA:202,33
DA:210,33
DA:237,52
DA:238,51
DA:239,50
DA:241,49
DA:242,49
DA:243,49
DA:244,49
DA:245,49
DA:246,49
DA:247,49
DA:248,49
DA:249,49
DA:250,49
DA:251,49
DA:252,49
DA:253,10
DA:256,39
DA:258,49
DA:259,49
DA:260,49
DA:261,49
DA:262,49
DA:264,49
DA:265,49
DA:267,49
DA:268,49
DA:270,49
DA:282,63
DA:283,63
DA:284,62
DA:285,61
DA:286,60
DA:288,59
DA:289,59
DA:290,59
DA:293,59
DA:295,59
DA:297,59
DA:298,59
DA:299,59
DA:301,59
DA:302,19
DA:303,19
DA:305,59
DA:307,59
DA:319,12
DA:320,12
DA:321,11
DA:322,10
DA:323,9
DA:325,8
DA:326,8
DA:327,8
DA:330,8
DA:332,8
DA:334,8
DA:335,8
DA:336,8
DA:338,8
DA:339,8
DA:340,8
DA:342,8
DA:344,8
DA:356,17
DA:357,17
DA:358,16
DA:359,15
DA:360,15
DA:362,15
DA:364,14
DA:366,14
DA:367,8
DA:370,14
DA:371,14
DA:372,14
DA:374,14
DA:375,12
DA:376,12
DA:377,12
DA:378,12
DA:381,14
DA:391,4
DA:392,3
DA:393,3
DA:394,3
DA:396,3
DA:397,2
DA:398,2
DA:399,2
DA:400,2
DA:403,0
DA:405,2
DA:408,3
DA:409,2
DA:410,2
DA:411,2
DA:414,3
DA:415,3
DA:417,3
DA:418,2
DA:419,2
DA:420,2
DA:421,2
DA:431,2
DA:432,2
DA:442,2
DA:443,2
DA:452,2
DA:453,2
DA:454,2
DA:455,42
DA:456,2
DA:459,2
DA:467,3
DA:468,3
DA:469,2
DA:471,1
DA:472,1
DA:473,1
DA:474,1
DA:475,1
DA:478,1
DA:485,1
DA:494,5
DA:495,5
DA:496,5
DA:497,5
DA:498,5
DA:499,5
DA:500,5
DA:501,5
DA:502,5
DA:503,5
DA:504,5
DA:505,5
DA:506,5
DA:507,5
DA:508,5
DA:509,5
DA:510,5
DA:511,5
DA:513,5
DA:523,4
DA:524,3
DA:525,2
DA:526,2
DA:527,1
DA:529,2
DA:530,2
DA:531,4
DA:533,2
DA:543,1
DA:544,1
DA:545,1
DA:546,1
DA:547,1
DA:549,1
DA:550,1
DA:551,1
DA:553,1
DA:564,19
DA:565,18
DA:566,17
DA:567,17
DA:568,17
DA:583,13
DA:584,12
DA:585,12
DA:586,11
DA:587,10
DA:588,9
DA:589,8
DA:590,8
DA:591,8
DA:601,8
DA:602,8
DA:603,8
DA:604,8
DA:605,8
DA:607,8
DA:618,8
DA:619,2
DA:620,2
DA:624,2
DA:625,2
DA:626,2
DA:627,1
DA:629,2
DA:632,2
DA:634,2
DA:635,1
DA:638,1
DA:640,2
DA:643,1
DA:646,1
LF:211
LH:210
BRDA:145,1,0,113
BRDA:145,1,1,6
BRDA:157,2,0,99
BRDA:157,2,1,1
BRDA:184,3,0,2
BRDA:184,3,1,1
BRDA:185,4,0,1
BRDA:185,4,1,1
BRDA:193,5,0,33
BRDA:193,5,1,1
BRDA:201,6,0,33
BRDA:201,6,1,1
BRDA:209,7,0,33
BRDA:209,7,1,1
BRDA:237,8,0,51
BRDA:237,8,1,1
BRDA:238,9,0,50
BRDA:238,9,1,1
BRDA:239,10,0,49
BRDA:239,10,1,1
BRDA:239,11,0,5
BRDA:239,11,1,5
BRDA:239,12,0,5
BRDA:239,12,1,2
BRDA:239,13,0,2
BRDA:239,13,1,37
BRDA:252,14,0,10
BRDA:252,14,1,39
BRDA:252,15,0,5
BRDA:252,15,1,5
BRDA:280,16,0,63
BRDA:280,16,1,1
BRDA:283,17,0,62
BRDA:283,17,1,1
BRDA:283,18,0,8
BRDA:283,18,1,54
BRDA:284,19,0,61
BRDA:284,19,1,1
BRDA:285,20,0,60
BRDA:285,20,1,1
BRDA:286,21,0,59
BRDA:286,21,1,1
BRDA:301,22,0,19
BRDA:301,22,1,40
BRDA:317,23,0,13
BRDA:317,23,1,1
BRDA:317,24,0,12
BRDA:317,24,1,1
BRDA:320,25,0,11
BRDA:320,25,1,1
BRDA:320,26,0,9
BRDA:320,26,1,2
BRDA:321,27,0,10
BRDA:321,27,1,1
BRDA:322,28,0,9
BRDA:322,28,1,1
BRDA:323,29,0,8
BRDA:323,29,1,1
BRDA:338,30,0,8
BRDA:338,30,1,0
BRDA:355,31,0,17
BRDA:355,31,1,1
BRDA:357,32,0,16
BRDA:357,32,1,1
BRDA:358,33,0,15
BRDA:358,33,1,1
BRDA:362,34,0,14
BRDA:362,34,1,1
BRDA:366,35,0,8
BRDA:366,35,1,6
BRDA:366,36,0,1
BRDA:366,36,1,7
BRDA:374,37,0,12
BRDA:374,37,1,2
BRDA:390,38,0,4
BRDA:390,38,1,1
BRDA:391,39,0,3
BRDA:391,39,1,1
BRDA:393,40,0,3
BRDA:393,40,1,0
BRDA:396,41,0,2
BRDA:396,41,1,1
BRDA:399,42,0,2
BRDA:399,42,1,0
BRDA:408,43,0,2
BRDA:408,43,1,1
BRDA:417,44,0,2
BRDA:417,44,1,1
BRDA:455,45,0,2
BRDA:455,45,1,40
BRDA:466,46,0,3
BRDA:466,46,1,1
BRDA:468,47,0,2
BRDA:468,47,1,1
BRDA:469,48,0,1
BRDA:469,48,1,1
BRDA:471,49,0,1
BRDA:471,49,1,0
BRDA:484,50,0,1
BRDA:484,50,1,1
BRDA:523,51,0,3
BRDA:523,51,1,1
BRDA:524,52,0,2
BRDA:524,52,1,1
BRDA:524,53,0,1
BRDA:524,53,1,1
BRDA:526,54,0,1
BRDA:526,54,1,1
BRDA:543,55,0,1
BRDA:543,55,1,0
BRDA:544,56,0,1
BRDA:544,56,1,0
BRDA:544,57,0,1
BRDA:544,57,1,0
BRDA:546,58,0,1
BRDA:546,58,1,0
BRDA:563,59,0,19
BRDA:563,59,1,1
BRDA:564,60,0,18
BRDA:564,60,1,1
BRDA:565,61,0,17
BRDA:565,61,1,1
BRDA:582,62,0,13
BRDA:582,62,1,1
BRDA:583,63,0,12
BRDA:583,63,1,1
BRDA:585,64,0,11
BRDA:585,64,1,1
BRDA:586,65,0,10
BRDA:586,65,1,1
BRDA:587,66,0,9
BRDA:587,66,1,1
BRDA:588,67,0,8
BRDA:588,67,1,1
BRDA:618,68,0,2
BRDA:618,68,1,6
BRDA:622,69,0,2
BRDA:622,69,1,4
BRDA:626,70,0,1
BRDA:626,70,1,1
BRDA:631,71,0,2
BRDA:631,71,1,2
BRDA:634,72,0,1
BRDA:634,72,1,1
BRDA:642,73,0,1
BRDA:642,73,1,1
BRDA:652,74,0,1
BRDA:652,74,1,1
BRF:148
BRH:140
end_of_record
TN:
SF:C:\Users\Hans\Documents\Repositorios\Blockchain Bootcamp\reverse-auction-dApp-contracts\contracts\USDCoin.sol
FN:14,constructor
FN:24,decimals
FN:33,mint
FNF:3
FNH:3
FNDA:99,constructor
FNDA:99,decimals
FNDA:55,mint
DA:15,99
DA:16,99
DA:17,99
DA:25,99
DA:34,55
LF:5
LH:5
BRDA:33,1,0,55
BRDA:33,1,1,1
BRF:2
BRH:2
end_of_record
